Traceback (most recent call last):
  File "C:\Users\ASUS\Desktop\proyectos_python\widget_sidebar\util\test_fase3_widgets.py", line 391, in run_all_tests
    results.append(("ContextSelectorSection", test_context_selector_section(app)))
                                              ^^^^^^^^^^^^^^^^^^^^^^^^^^^^^^^^^^
  File "C:\Users\ASUS\Desktop\proyectos_python\widget_sidebar\util\test_fase3_widgets.py", line 167, in test_context_selector_section
    assert section.list_name_input.isVisible(), "Campo nombre debe estar visible"
AssertionError: Campo nombre debe estar visible
INFO:src.views.widgets.project_element_tags_section:Cargados 4 tags de proyecto/Ã¡rea
INFO:src.views.widgets.project_element_tags_section:Tag 'database' agregado
INFO:src.views.widgets.project_element_tags_section:Cargados 3 tags de proyecto/Ã¡rea
WARNING:src.views.widgets.item_fields_section:ValidaciÃ³n fallida: 1 errores

================================================================================
ğŸš€ TESTING FASE 3: Widgets Base
================================================================================

================================================================================
ğŸ§ª TEST 1: ItemFieldWidget
================================================================================

[1.1] Test: CreaciÃ³n bÃ¡sica
   âœ… Widget creado correctamente

[1.2] Test: Valores por defecto
   âœ… Defaults correctos

[1.3] Test: SerializaciÃ³n to_dict()
   âœ… SerializaciÃ³n correcta: {'content': 'git status', 'type': 'CODE'}

[1.4] Test: DeserializaciÃ³n from_dict()
   âœ… DeserializaciÃ³n correcta

[1.5] Test: VerificaciÃ³n de vacÃ­o
   âœ… is_empty() funcionando correctamente

[1.6] Test: ValidaciÃ³n
   âœ… ValidaciÃ³n funcionando

âœ… Todos los tests de ItemFieldWidget pasaron

================================================================================
ğŸ§ª TEST 2: SelectorWithCreate
================================================================================

[2.1] Test: CreaciÃ³n de selector
   âœ… Selector creado

[2.2] Test: Cargar items
   âœ… 3 items cargados

[2.3] Test: SelecciÃ³n por ID
   âœ… SelecciÃ³n por ID funcionando

[2.4] Test: Selector requerido
   âœ… Indicador de requerido funcionando

âœ… Todos los tests de SelectorWithCreate pasaron

================================================================================
ğŸ§ª TEST 3: ContextSelectorSection
================================================================================

[3.1] Test: CreaciÃ³n de secciÃ³n
   âœ… SecciÃ³n creada con todos los selectores

[3.2] Test: Cargar datos en selectores
   âœ… Datos cargados en todos los selectores

[3.3] Test: Establecer valores
   âœ… Valores establecidos correctamente

[3.4] Test: Checkbox de lista
   DEBUG: Antes - Input visible: False, Label visible: False
   DEBUG: DespuÃ©s - Checkbox checked: True
   DEBUG: DespuÃ©s - Input visible: False, Label visible: False
   DEBUG: DespuÃ©s de processEvents - Input visible: False

âŒ Error en ContextSelectorSection: Campo nombre debe estar visible

================================================================================
ğŸ§ª TEST 4: TagChip
================================================================================

[4.1] Test: CreaciÃ³n de chip
   âœ… Chip creado

[4.2] Test: Toggle de selecciÃ³n
   âœ… Toggle funcionando

[4.3] Test: set_selected()
   âœ… set_selected() funcionando

âœ… Todos los tests de TagChip pasaron

================================================================================
ğŸ§ª TEST 5: ProjectElementTagsSection
================================================================================

[5.1] Test: CreaciÃ³n de secciÃ³n
   âœ… SecciÃ³n creada oculta

[5.2] Test: Cargar tags
   âœ… 4 tags cargados

[5.3] Test: SelecciÃ³n de tags
   âœ… Tags seleccionados: ['python', 'async']

[5.4] Test: Agregar nuevo tag
   âœ… Tag agregado correctamente

[5.5] Test: Control de visibilidad
   âœ… Control de visibilidad funcionando

[5.6] Test: SerializaciÃ³n to_list()
   âœ… SerializaciÃ³n correcta: ['tag1', 'tag3']

âœ… Todos los tests de ProjectElementTagsSection pasaron

================================================================================
ğŸ§ª TEST 6: ItemFieldsSection
================================================================================

[6.1] Test: CreaciÃ³n de secciÃ³n
   âœ… SecciÃ³n creada con 1 campo por defecto

[6.2] Test: Agregar items
   âœ… 3 items en total

[6.3] Test: Contador de items con contenido
   âœ… 2 items con contenido

[6.4] Test: Obtener datos de items
   âœ… 2 items no vacÃ­os obtenidos

[6.5] Test: Establecer items desde datos
   âœ… Items establecidos desde datos

[6.6] Test: ValidaciÃ³n de items
   âœ… ValidaciÃ³n detectÃ³ 1 error(es)

[6.7] Test: Limpiar items
   âœ… Items limpiados correctamente

âœ… Todos los tests de ItemFieldsSection pasaron

================================================================================
ğŸ“Š RESUMEN DE TESTS
================================================================================
   ItemFieldWidget: âœ… PASÃ“
   SelectorWithCreate: âœ… PASÃ“
   ContextSelectorSection: âŒ FALLÃ“
   TagChip: âœ… PASÃ“
   ProjectElementTagsSection: âœ… PASÃ“
   ItemFieldsSection: âœ… PASÃ“

   Total: 5/6 tests pasaron

================================================================================
âŒ ALGUNOS TESTS FALLARON
================================================================================
